<?xml version="1.0" encoding="UTF-8"?>
<!-- Generated by org.testng.reporters.JUnitXMLReporter -->
<testsuite ignored="1" hostname="LAPTOP-ST43654L" failures="0" tests="1" name="Default test" time="9.131" errors="0" timestamp="2025-09-22T14:35:51 CST">
  <testcase classname="parabank_test.Login_Test" name="LoginSucessTest" time="1.004"/>
  <testcase classname="parabank_test.Login_Test" name="LoginFailureTest" time="0.0">
    <ignored/>
  </testcase> <!-- LoginFailureTest -->
</testsuite> <!-- Default test -->
