<?xml version="1.0" encoding="UTF-8"?>
<testng-results ignored="1" total="2" passed="1" failed="0" skipped="0">
  <reporter-output>
  </reporter-output>
  <suite started-at="2025-09-22T14:35:41 CST" name="Default suite" finished-at="2025-09-22T14:35:51 CST" duration-ms="9131">
    <groups>
    </groups>
    <test started-at="2025-09-22T14:35:41 CST" name="Default test" finished-at="2025-09-22T14:35:51 CST" duration-ms="9131">
      <class name="parabank_test.Login_Test">
        <test-method is-config="true" signature="LaunchSite()[pri:0, instance:parabank_test.Login_Test@55182842]" started-at="2025-09-22T14:35:42 CST" name="LaunchSite" finished-at="2025-09-22T14:35:48 CST" duration-ms="6389" status="PASS">
          <reporter-output>
          </reporter-output>
        </test-method> <!-- LaunchSite -->
        <test-method signature="LoginSucessTest()[pri:0, instance:parabank_test.Login_Test@55182842]" started-at="2025-09-22T14:35:48 CST" name="LoginSucessTest" finished-at="2025-09-22T14:35:49 CST" duration-ms="1004" status="PASS">
          <reporter-output>
          </reporter-output>
        </test-method> <!-- LoginSucessTest -->
        <test-method is-config="true" signature="CloseSite()[pri:0, instance:parabank_test.Login_Test@55182842]" started-at="2025-09-22T14:35:49 CST" name="CloseSite" finished-at="2025-09-22T14:35:51 CST" duration-ms="1685" status="PASS">
          <reporter-output>
          </reporter-output>
        </test-method> <!-- CloseSite -->
      </class> <!-- parabank_test.Login_Test -->
    </test> <!-- Default test -->
  </suite> <!-- Default suite -->
</testng-results>
